#
# There is insufficient memory for the Java Runtime Environment to continue.
# Native memory allocation (mmap) failed to map 132120576 bytes for G1 virtual space
# Possible reasons:
#   The system is out of physical RAM or swap space
#   The process is running with CompressedOops enabled, and the Java Heap may be blocking the growth of the native heap
# Possible solutions:
#   Reduce memory load on the system
#   Increase physical memory or swap space
#   Check if swap backing store is full
#   Decrease Java heap size (-Xmx/-Xms)
#   Decrease number of Java threads
#   Decrease Java thread stack sizes (-Xss)
#   Set larger code cache with -XX:ReservedCodeCacheSize=
#   JVM is running with Unscaled Compressed Oops mode in which the Java heap is
#     placed in the first 4GB address space. The Java Heap base address is the
#     maximum limit for the native heap growth. Please use -XX:HeapBaseMinAddress
#     to set the Java Heap base and to place the Java Heap above 4GB virtual address.
# This output file may be truncated or incomplete.
#
#  Out of Memory Error (os_windows.cpp:3600), pid=6800, tid=24152
#
# JRE version:  (21.0.1+12) (build )
# Java VM: OpenJDK 64-Bit Server VM (21.0.1+12-29, mixed mode, sharing, tiered, compressed oops, compressed class ptrs, g1 gc, windows-amd64)
# No core dump will be written. Minidumps are not enabled by default on client versions of Windows
#

---------------  S U M M A R Y ------------

Command Line: -ea -Didea.test.cyclic.buffer.size=1048576 -javaagent:C:\Program Files\JetBrains\IntelliJ IDEA Community Edition 2023.2.5\lib\idea_rt.jar=57784:C:\Program Files\JetBrains\IntelliJ IDEA Community Edition 2023.2.5\bin -Dfile.encoding=UTF-8 -Dsun.stdout.encoding=UTF-8 -Dsun.stderr.encoding=UTF-8 com.intellij.rt.junit.JUnitStarter -ideVersion5 -junit5 modulos.produto.ProdutoTest

Host: 11th Gen Intel(R) Core(TM) i5-11300H @ 3.10GHz, 8 cores, 7G,  Windows 11 , 64 bit Build 22621 (10.0.22621.3672)
Time: Wed Jun 19 11:59:20 2024 Hora oficial do Brasil elapsed time: 0.024966 seconds (0d 0h 0m 0s)

---------------  T H R E A D  ---------------

Current thread (0x000001a5ad55f830):  JavaThread "Unknown thread" [_thread_in_vm, id=24152, stack(0x0000006615f00000,0x0000006616000000) (1024K)]

Stack: [0x0000006615f00000,0x0000006616000000]
Native frames: (J=compiled Java code, j=interpreted, Vv=VM code, C=native code)
V  [jvm.dll+0x6c9029]
V  [jvm.dll+0x854b81]
V  [jvm.dll+0x856e5e]
V  [jvm.dll+0x857543]
V  [jvm.dll+0x280c06]
V  [jvm.dll+0x6c5715]
V  [jvm.dll+0x6ba10a]
V  [jvm.dll+0x3557ea]
V  [jvm.dll+0x35d436]
V  [jvm.dll+0x3ae1be]
V  [jvm.dll+0x3ae468]
V  [jvm.dll+0x3291fc]
V  [jvm.dll+0x329d8b]
V  [jvm.dll+0x81d179]
V  [jvm.dll+0x3bb4f1]
V  [jvm.dll+0x805ae8]
V  [jvm.dll+0x44effe]
V  [jvm.dll+0x450901]
C  [jli.dll+0x52a3]
C  [ucrtbase.dll+0x29333]
C  [KERNEL32.DLL+0x1257d]
C  [ntdll.dll+0x5af28]


---------------  P R O C E S S  ---------------

Threads class SMR info:
_java_thread_list=0x00007ffa33ff9b88, length=0, elements={
}

Java Threads: ( => current thread )
Total: 0

Other Threads:
  0x000001a5ca080330 WorkerThread "GC Thread#0"                     [id=5948, stack(0x0000006616000000,0x0000006616100000) (1024K)]
  0x000001a5b0284140 ConcurrentGCThread "G1 Main Marker"            [id=26864, stack(0x0000006616100000,0x0000006616200000) (1024K)]
  0x000001a5b02860b0 WorkerThread "G1 Conc#0"                       [id=17244, stack(0x0000006616200000,0x0000006616300000) (1024K)]

[error occurred during error reporting (printing all threads), id 0xc0000005, EXCEPTION_ACCESS_VIOLATION (0xc0000005) at pc=0x00007ffa3376c2c7]
VM state: not at safepoint (not fully initialized)

VM Mutex/Monitor currently owned by a thread:  ([mutex/lock_event])
[0x00007ffa3406a6f8] Heap_lock - owner thread: 0x000001a5ad55f830

Heap address: 0x0000000083600000, size: 1994 MB, Compressed Oops mode: 32-bit

CDS archive(s) mapped at: [0x0000000000000000-0x0000000000000000-0x0000000000000000), size 0, SharedBaseAddress: 0x0000000800000000, ArchiveRelocationMode: 1.
Narrow klass base: 0x0000000000000000, Narrow klass shift: 0, Narrow klass range: 0x0

GC Precious Log:
 CardTable entry size: 512
 Card Set container configuration: InlinePtr #cards 5 size 8 Array Of Cards #cards 12 size 40 Howl #buckets 4 coarsen threshold 1843 Howl Bitmap #cards 512 size 80 coarsen threshold 460 Card regions per heap region 1 cards per card region 2048

Heap:
 garbage-first heap   total 0K, used 0K [0x0000000083600000, 0x0000000100000000)
  region size 1024K, 0 young (0K), 0 survivors (0K)

[error occurred during error reporting (printing heap information), id 0xc0000005, EXCEPTION_ACCESS_VIOLATION (0xc0000005) at pc=0x00007ffa33b51be9]
GC Heap History (0 events):
No events

Dll operation events (1 events):
Event: 0.017 Loaded shared library C:\Users\Datamob\.jdks\openjdk-21.0.1\bin\java.dll

Deoptimization events (0 events):
No events

Classes loaded (0 events):
No events

Classes unloaded (0 events):
No events

Classes redefined (0 events):
No events

Internal exceptions (0 events):
No events

ZGC Phase Switch (0 events):
No events

VM Operations (0 events):
No events

Events (0 events):
No events


Dynamic libraries:
0x00007ff698a10000 - 0x00007ff698a1e000 	C:\Users\Datamob\.jdks\openjdk-21.0.1\bin\java.exe
0x00007ffafc8d0000 - 0x00007ffafcae7000 	C:\WINDOWS\SYSTEM32\ntdll.dll
0x00007ffafb400000 - 0x00007ffafb4c4000 	C:\WINDOWS\System32\KERNEL32.DLL
0x00007ffafa1a0000 - 0x00007ffafa54c000 	C:\WINDOWS\System32\KERNELBASE.dll
0x00007ffaf9f30000 - 0x00007ffafa041000 	C:\WINDOWS\System32\ucrtbase.dll
0x00007ffac4170000 - 0x00007ffac4188000 	C:\Users\Datamob\.jdks\openjdk-21.0.1\bin\jli.dll
0x00007ffac40b0000 - 0x00007ffac40cb000 	C:\Users\Datamob\.jdks\openjdk-21.0.1\bin\VCRUNTIME140.dll
0x00007ffafa610000 - 0x00007ffafa7be000 	C:\WINDOWS\System32\USER32.dll
0x00007ffae0c80000 - 0x00007ffae0f13000 	C:\WINDOWS\WinSxS\amd64_microsoft.windows.common-controls_6595b64144ccf1df_6.0.22621.3672_none_2713b9d173822955\COMCTL32.dll
0x00007ffaf9df0000 - 0x00007ffaf9e16000 	C:\WINDOWS\System32\win32u.dll
0x00007ffafaf10000 - 0x00007ffafafb7000 	C:\WINDOWS\System32\msvcrt.dll
0x00007ffafbe10000 - 0x00007ffafbe39000 	C:\WINDOWS\System32\GDI32.dll
0x00007ffafa050000 - 0x00007ffafa169000 	C:\WINDOWS\System32\gdi32full.dll
0x00007ffaf9e20000 - 0x00007ffaf9eba000 	C:\WINDOWS\System32\msvcp_win.dll
0x00007ffafc120000 - 0x00007ffafc151000 	C:\WINDOWS\System32\IMM32.DLL
0x00007ffae95f0000 - 0x00007ffae97e9000 	C:\WINDOWS\system32\tmumh\20019\AddOn\8.55.0.1264\TmUmEvt64.dll
0x00007ffafafd0000 - 0x00007ffafafd8000 	C:\WINDOWS\System32\PSAPI.DLL
0x00007ffafbe40000 - 0x00007ffafbef2000 	C:\WINDOWS\System32\ADVAPI32.dll
0x00007ffafc040000 - 0x00007ffafc0ea000 	C:\WINDOWS\System32\sechost.dll
0x00007ffafa170000 - 0x00007ffafa198000 	C:\WINDOWS\System32\bcrypt.dll
0x00007ffafbf00000 - 0x00007ffafc015000 	C:\WINDOWS\System32\RPCRT4.dll
0x0000000050b40000 - 0x0000000050cbd000 	C:\WINDOWS\system32\tmumh\20019\TmMon\2.9.0.1066\tmmon64.dll
0x00007ffaf1500000 - 0x00007ffaf150c000 	C:\Users\Datamob\.jdks\openjdk-21.0.1\bin\vcruntime140_1.dll
0x00007ffa98100000 - 0x00007ffa9818e000 	C:\Users\Datamob\.jdks\openjdk-21.0.1\bin\msvcp140.dll
0x00007ffa33430000 - 0x00007ffa34145000 	C:\Users\Datamob\.jdks\openjdk-21.0.1\bin\server\jvm.dll
0x00007ffafc700000 - 0x00007ffafc771000 	C:\WINDOWS\System32\WS2_32.dll
0x00007ffaf8a50000 - 0x00007ffaf8a9d000 	C:\WINDOWS\SYSTEM32\POWRPROF.dll
0x00007ffaf4860000 - 0x00007ffaf4894000 	C:\WINDOWS\SYSTEM32\WINMM.dll
0x00007ffaf3290000 - 0x00007ffaf329a000 	C:\WINDOWS\SYSTEM32\VERSION.dll
0x00007ffaf8a30000 - 0x00007ffaf8a43000 	C:\WINDOWS\SYSTEM32\UMPDC.dll
0x000001a5af120000 - 0x000001a5af123000 	C:\WINDOWS\system32\Sfc.dll
0x00007ffad6140000 - 0x00007ffad6149000 	C:\WINDOWS\SYSTEM32\sfc_os.DLL
0x00007ffaf9960000 - 0x00007ffaf9a53000 	C:\WINDOWS\SYSTEM32\ServicingCommon.dll
0x00007ffafa890000 - 0x00007ffafad04000 	C:\WINDOWS\System32\SETUPAPI.dll
0x00007ffaf8ce0000 - 0x00007ffaf8cf8000 	C:\WINDOWS\SYSTEM32\kernel.appcore.dll
0x00007ffae1380000 - 0x00007ffae138a000 	C:\Users\Datamob\.jdks\openjdk-21.0.1\bin\jimage.dll
0x00007ffaefee0000 - 0x00007ffaf0112000 	C:\WINDOWS\SYSTEM32\DBGHELP.DLL
0x00007ffafc370000 - 0x00007ffafc6f8000 	C:\WINDOWS\System32\combase.dll
0x00007ffafb4d0000 - 0x00007ffafb5a7000 	C:\WINDOWS\System32\OLEAUT32.dll
0x00007ffad6290000 - 0x00007ffad62c2000 	C:\WINDOWS\SYSTEM32\dbgcore.DLL
0x00007ffaf9d70000 - 0x00007ffaf9deb000 	C:\WINDOWS\System32\bcryptPrimitives.dll
0x00007ffaf48a0000 - 0x00007ffaf48af000 	C:\Users\Datamob\.jdks\openjdk-21.0.1\bin\instrument.dll
0x00007ffada260000 - 0x00007ffada27f000 	C:\Users\Datamob\.jdks\openjdk-21.0.1\bin\java.dll

dbghelp: loaded successfully - version: 4.0.5 - missing functions: none
symbol engine: initialized successfully - sym options: 0x614 - pdb path: .;C:\Users\Datamob\.jdks\openjdk-21.0.1\bin;C:\WINDOWS\SYSTEM32;C:\WINDOWS\WinSxS\amd64_microsoft.windows.common-controls_6595b64144ccf1df_6.0.22621.3672_none_2713b9d173822955;C:\WINDOWS\system32\tmumh\20019\AddOn\8.55.0.1264;C:\WINDOWS\system32\tmumh\20019\TmMon\2.9.0.1066;C:\Users\Datamob\.jdks\openjdk-21.0.1\bin\server

VM Arguments:
jvm_args: -ea -Didea.test.cyclic.buffer.size=1048576 -javaagent:C:\Program Files\JetBrains\IntelliJ IDEA Community Edition 2023.2.5\lib\idea_rt.jar=57784:C:\Program Files\JetBrains\IntelliJ IDEA Community Edition 2023.2.5\bin -Dfile.encoding=UTF-8 -Dsun.stdout.encoding=UTF-8 -Dsun.stderr.encoding=UTF-8 
java_command: com.intellij.rt.junit.JUnitStarter -ideVersion5 -junit5 modulos.produto.ProdutoTest
java_class_path (initial): C:\Users\Datamob\.m2\repository\org\junit\platform\junit-platform-launcher\1.10.2\junit-platform-launcher-1.10.2.jar;C:\Users\Datamob\.m2\repository\org\junit\platform\junit-platform-engine\1.10.2\junit-platform-engine-1.10.2.jar;C:\Users\Datamob\.m2\repository\org\junit\jupiter\junit-jupiter-engine\5.10.2\junit-jupiter-engine-5.10.2.jar;C:\Program Files\JetBrains\IntelliJ IDEA Community Edition 2023.2.5\lib\idea_rt.jar;C:\Program Files\JetBrains\IntelliJ IDEA Community Edition 2023.2.5\plugins\junit\lib\junit5-rt.jar;C:\Program Files\JetBrains\IntelliJ IDEA Community Edition 2023.2.5\plugins\junit\lib\junit-rt.jar;C:\Users\Datamob\IdeaProjects\PrimeiroProjetoAutMobile\target\test-classes;C:\Users\Datamob\IdeaProjects\PrimeiroProjetoAutMobile\target\classes;C:\Users\Datamob\.m2\repository\io\appium\java-client\9.2.3\java-client-9.2.3.jar;C:\Users\Datamob\.m2\repository\org\seleniumhq\selenium\selenium-api\4.21.0\selenium-api-4.21.0.jar;C:\Users\Datamob\.m2\repository\org\seleniumhq\selenium\selenium-remote-driver\4.21.0\selenium-remote-driver-4.21.0.jar;C:\Users\Datamob\.m2\repository\com\google\auto\service\auto-service-annotations\1.1.1\auto-service-annotations-1.1.1.jar;C:\Users\Datamob\.m2\repository\com\google\guava\guava\33.2.0-jre\guava-33.2.0-jre.jar;C:\Users\Datamob\.m2\repository\com\google\guava\failureaccess\1.0.2\failureaccess-1.0.2.jar;C:\Users\Datamob\.m2\repository\com\google\guava\listenablefuture\9999.0-empty-to-avoid-conflict-with-guava\listenablefuture-9999.0-empty-to-avoid-conflict-with-guava.jar;C:\Users\Datamob\.m2\repository\com\google\code\findbugs\jsr305\3.0.2\jsr305-3.0.2.jar;C:\Users\Datamob\.m2\repository\org\checkerframework\checker-qual\3.42.0\checker-qual-3.42.0.jar;C:\Users\Datamob\.m2\repository\com\google\j2objc\j2objc-annotations\3.0.0\j2objc-annotations-3.0.0.jar;C:\Users\Datamob\.m2\repository\io\opentelemetry\semconv\opentelemetry-semconv\1.25.0-alpha\opentelemetry-semconv-1.25.0-alpha.jar;C:\Users\Datamob\.m2\repository\io\opentelemetry\opentelemetry-api\1.38.0\opentelemetry-api-1.38.0.jar;C:\Users\Datamob\.m2\repository\io\opentelemetry\opentelemetry-context\1.38.0\opentelemetry-context-1.38.0.jar;C:\Users\Datamob\.m2\repository\io\opentelemetry\opentelemetry-exporter-logging\1.38.0\opentelemetry-exporter-logging-1.38.0.jar;C:\Users\Datamob\.m2\repository\io\opentelemetry\opentelemetry-sdk-common\1.38.0\opentelemetry-sdk-common-1.38.0.jar;C:\Users\Datamob\.m2\repository\io\opentelemetry\opentelemetry-sdk-extension-autoconfigure-spi\1.38.0\opentelemetry-sdk-extension-autoconfigure-spi-1.38.0.jar;C:\Users\Datamob\.m2\repository\io\opentelemetry\opentelemetry-sdk-extension-autoconfigure\1.38.0\opentelemetry-sdk-extension-autoconfigure-1.38.0.jar;C:\Users\Datamob\.m2\repository\io\opentelemetry\opentelemetry-api-incubator\1.38.0-alpha\opentelemetry-api-incubator-1.38.0-alpha.jar;C:\Users\Datamob\.m2\repository\io\opentelemetry\opentelemetry-sdk-trace\1.38.0\opentelemetry-sdk-trace-1.38.0.jar;C:\Users\Datamob\.m2\repository\io\opentelemetry\opentelemetry-sdk\1.38.0\opentelemetry-sdk-1.38.0.jar;C:\Users\Datamob\.m2\repository\io\opentelemetry\opentelemetry-sdk-metrics\1.38.0\opentelemetry-sdk-metrics-1.38.0.jar;C:\Users\Datamob\.m2\repository\io\opentelemetry\opentelemetry-sdk-logs\1.38.0\opentelemetry-sdk-logs-1.38.0.jar;C:\Users\Datamob\.m2\repository\net\bytebuddy\byte-buddy\1.14.15\byte-buddy-1.14.15.jar;C:\Users\Datamob\.m2\repository\org\seleniumhq\selenium\selenium-http\4.21.0\selenium-http-4.21.0.jar;C:\Users\Datamob\.m2\repository\dev\failsafe\failsafe\3.3.2\failsafe-3.3.2.jar;C:\Users\Datamob\.m2\repository\org\seleniumhq\selenium\selenium-json\4.21.0\selenium-json-4.21.0.jar;C:\Users\Datamob\.m2\repository\org\seleniumhq\selenium\selenium-manager\4.21.0\selenium-manager-4.21.0.jar;C:\Users\Datamob\.m2\repository\org\seleniumhq\selenium\selenium-os\4.21.0\selenium-os-4.21.0.jar;C:\Users\Datamob\.m2\repository\org\apache\commons\commons-exec\1.4.0\commons-exec-1.4.0.jar;C:\Users\Datamob\.m2\repository\org\seleniumhq\selenium\selenium-support\4.21.0\selenium-support-4.21.0.jar;C:\Users\Datamob\.m2\repository\com\google\code\gson\gson\2.11.0\gson-2.11.0.jar;C:\Users\Datamob\.m2\repository\com\google\errorprone\error_prone_annotations\2.27.0\error_prone_annotations-2.27.0.jar;C:\Users\Datamob\.m2\repository\org\slf4j\slf4j-api\2.0.13\slf4j-api-2.0.13.jar;C:\Users\Datamob\.m2\repository\org\junit\jupiter\junit-jupiter-api\5.10.2\junit-jupiter-api-5.10.2.jar;C:\Users\Datamob\.m2\repository\org\opentest4j\opentest4j\1.3.0\opentest4j-1.3.0.jar;C:\Users\Datamob\.m2\repository\org\junit\platform\junit-platform-commons\1.10.2\junit-platform-commons-1.10.2.jar;C:\Users\Datamob\.m2\repository\org\apiguardian\apiguardian-api\1.1.2\apiguardian-api-1.1.2.jar
Launcher Type: SUN_STANDARD

[Global flags]
     intx CICompilerCount                          = 4                                         {product} {ergonomic}
     uint ConcGCThreads                            = 2                                         {product} {ergonomic}
     uint G1ConcRefinementThreads                  = 8                                         {product} {ergonomic}
   size_t G1HeapRegionSize                         = 1048576                                   {product} {ergonomic}
    uintx GCDrainStackTargetSize                   = 64                                        {product} {ergonomic}
   size_t InitialHeapSize                          = 132120576                                 {product} {ergonomic}
   size_t MarkStackSize                            = 4194304                                   {product} {ergonomic}
   size_t MaxHeapSize                              = 2090860544                                {product} {ergonomic}
   size_t MinHeapDeltaBytes                        = 1048576                                   {product} {ergonomic}
   size_t MinHeapSize                              = 8388608                                   {product} {ergonomic}
    uintx NonNMethodCodeHeapSize                   = 5839372                                {pd product} {ergonomic}
    uintx NonProfiledCodeHeapSize                  = 122909434                              {pd product} {ergonomic}
    uintx ProfiledCodeHeapSize                     = 122909434                              {pd product} {ergonomic}
    uintx ReservedCodeCacheSize                    = 251658240                              {pd product} {ergonomic}
     bool SegmentedCodeCache                       = true                                      {product} {ergonomic}
   size_t SoftMaxHeapSize                          = 2090860544                             {manageable} {ergonomic}
     bool UseCompressedOops                        = true                           {product lp64_product} {ergonomic}
     bool UseG1GC                                  = true                                      {product} {ergonomic}
     bool UseLargePagesIndividualAllocation        = false                                  {pd product} {ergonomic}

Logging:
Log output configuration:
 #0: stdout all=warning uptime,level,tags foldmultilines=false
 #1: stderr all=off uptime,level,tags foldmultilines=false

Environment Variables:
JAVA_HOME=C:\Program Files\Java\jdk-17\
PATH=C:\Python312\Scripts\;C:\Python312\;C:\Program Files\Common Files\Oracle\Java\javapath;C:\Windows\system32;C:\Windows;C:\Windows\System32\Wbem;C:\Windows\System32\WindowsPowerShell\v1.0\;C:\Windows\System32\OpenSSH\;C:\Program Files (x86)\NVIDIA Corporation\PhysX\Common;C:\WINDOWS\system32;C:\WINDOWS;C:\WINDOWS\System32\Wbem;C:\WINDOWS\System32\WindowsPowerShell\v1.0\;C:\WINDOWS\System32\OpenSSH\;C:\Program Files\dotnet\;C:\Program Files (x86)\Windows Kits\10\Windows Performance Toolkit\;C:\Program Files\Git\cmd;C:\ProgramData\chocolatey\bin;C:\Program Files\PuTTY\;C:\Program Files\NVIDIA Corporation\NVIDIA NvDLISR;C:\Program Files\nodejs\;C:\Program Files\Java\jdk-17\;C:\Users\Datamob\AppData\Local\Microsoft\WindowsApps;C:\platform-tools_r33.0.3-windows\platform-tools;C:\Users\Datamob\AppData\Local\Programs\Microsoft VS Code\bin;C:\Users\Datamob\AppData\Local\GitHubDesktop\bin;C:\Program Files\JetBrains\IntelliJ IDEA Community Edition 2023.2.5\bin;;C:\Users\Datamob\AppData\Roaming\npm;C:\Android\cmdline-tools\tools\bin;C:\Android\platform-tools;
USERNAME=Datamob
OS=Windows_NT
PROCESSOR_IDENTIFIER=Intel64 Family 6 Model 140 Stepping 1, GenuineIntel
TMP=C:\Users\Datamob\AppData\Local\Temp
TEMP=C:\Users\Datamob\AppData\Local\Temp




Periodic native trim disabled

---------------  S Y S T E M  ---------------

OS:
 Windows 11 , 64 bit Build 22621 (10.0.22621.3672)
OS uptime: 1 days 20:00 hours
Hyper-V role detected

CPU: total 8 (initial active 8) (4 cores per cpu, 2 threads per core) family 6 model 140 stepping 1 microcode 0xa4, cx8, cmov, fxsr, ht, mmx, 3dnowpref, sse, sse2, sse3, ssse3, sse4.1, sse4.2, popcnt, lzcnt, tsc, tscinvbit, avx, avx2, aes, erms, clmul, bmi1, bmi2, adx, avx512f, avx512dq, avx512cd, avx512bw, avx512vl, sha, fma, vzeroupper, avx512_vpopcntdq, avx512_vpclmulqdq, avx512_vaes, avx512_vnni, clflush, clflushopt, clwb, avx512_vbmi2, avx512_vbmi, hv, rdtscp, rdpid, fsrm, gfni, avx512_bitalg, f16c, cet_ibt, cet_ss, avx512_ifma
Processor Information for all 8 processors :
  Max Mhz: 3110, Current Mhz: 3110, Mhz Limit: 3110

Memory: 4k page, system-wide physical 7975M (350M free)
TotalPageFile size 16167M (AvailPageFile size 87M)
current process WorkingSet (physical memory assigned to process): 15M, peak: 15M
current process commit charge ("private bytes"): 63M, peak: 189M

vm_info: OpenJDK 64-Bit Server VM (21.0.1+12-29) for windows-amd64 JRE (21.0.1+12-29), built on 2023-10-05T13:27:09Z by "mach5one" with MS VC++ 17.1 (VS2022)

END.
